LibVision/app/build/intermediates/manifest_merge_blame_file/debug/processDebugMainManifest/manifest-merger-blame-debug-report.txt
1<?xml version="1.0" encoding="utf-8"?>
2<manifest xmlns:android="http://schemas.android.com/apk/res/android"
3    package="com.example.imagepro"
4    android:versionCode="1"
5    android:versionName="1.0" >
6
7    <uses-sdk
8        android:minSdkVersion="23"
9        android:targetSdkVersion="34" />
10
11    <uses-permission android:name="android.permission.INTERNET" />
11-->src\main\AndroidManifest.xml:5:5-66
11-->src\main\AndroidManifest.xml:5:22-64
12
13    <!-- Permissions and Features -->
14    <uses-permission android:name="android.permission.CAMERA" />
14-->src\main\AndroidManifest.xml:8:5-65
14-->src\main\AndroidManifest.xml:8:22-62
15
16    <uses-feature
16-->src\main\AndroidManifest.xml:9:5-11:36
17        android:name="android.hardware.camera"
17-->src\main\AndroidManifest.xml:10:9-47
18        android:required="false" />
18-->src\main\AndroidManifest.xml:11:9-33
19    <uses-feature
19-->src\main\AndroidManifest.xml:12:5-14:36
20        android:name="android.hardware.camera.autofocus"
20-->src\main\AndroidManifest.xml:13:9-57
21        android:required="false" />
21-->src\main\AndroidManifest.xml:14:9-33
22    <uses-feature
22-->src\main\AndroidManifest.xml:15:5-17:36
23        android:name="android.hardware.camera.front"
23-->src\main\AndroidManifest.xml:16:9-53
24        android:required="false" />
24-->src\main\AndroidManifest.xml:17:9-33
25    <uses-feature
25-->src\main\AndroidManifest.xml:18:5-20:36
26        android:name="android.hardware.camera.front.autofocus"
26-->src\main\AndroidManifest.xml:19:9-63
27        android:required="false" />
27-->src\main\AndroidManifest.xml:20:9-33
28
29    <!-- Although the *SdkVersion is captured in gradle build files, this is required for non gradle builds -->
30    <!-- <uses-sdk android:minSdkVersion="21" /> -->
31    <uses-permission android:name="android.permission.ACCESS_NETWORK_STATE" />
31-->[com.google.firebase:firebase-firestore:25.1.1] AndroidManifest.xml:10:5-79
31-->[com.google.firebase:firebase-firestore:25.1.1] AndroidManifest.xml:10:22-76
32    <uses-permission android:name="com.google.android.providers.gsf.permission.READ_GSERVICES" />
32-->[com.google.android.recaptcha:recaptcha:18.5.1] AndroidManifest.xml:9:5-98
32-->[com.google.android.recaptcha:recaptcha:18.5.1] AndroidManifest.xml:9:22-95
33
34    <permission
34-->[androidx.core:core:1.13.0] AndroidManifest.xml:22:5-24:47
35        android:name="com.example.imagepro.DYNAMIC_RECEIVER_NOT_EXPORTED_PERMISSION"
35-->[androidx.core:core:1.13.0] AndroidManifest.xml:23:9-81
36        android:protectionLevel="signature" />
36-->[androidx.core:core:1.13.0] AndroidManifest.xml:24:9-44
37
38    <uses-permission android:name="com.example.imagepro.DYNAMIC_RECEIVER_NOT_EXPORTED_PERMISSION" />
38-->[androidx.core:core:1.13.0] AndroidManifest.xml:26:5-97
38-->[androidx.core:core:1.13.0] AndroidManifest.xml:26:22-94
39    <uses-permission android:name="android.permission.WRITE_EXTERNAL_STORAGE" />
40    <uses-permission android:name="android.permission.READ_PHONE_STATE" />
41    <uses-permission android:name="android.permission.READ_EXTERNAL_STORAGE" /> <!-- Application Configuration -->
42    <application
42-->src\main\AndroidManifest.xml:23:5-329:19
43        android:allowBackup="true"
43-->src\main\AndroidManifest.xml:24:9-35
44        android:appComponentFactory="androidx.core.app.CoreComponentFactory"
44-->[androidx.core:core:1.13.0] AndroidManifest.xml:28:18-86
45        android:debuggable="true"
46        android:extractNativeLibs="false"
47        android:icon="@mipmap/logo"
47-->src\main\AndroidManifest.xml:25:9-36
48        android:label="@string/app_name"
48-->src\main\AndroidManifest.xml:26:9-41
49        android:roundIcon="@mipmap/logo_round"
49-->src\main\AndroidManifest.xml:27:9-47
50        android:supportsRtl="true"
50-->src\main\AndroidManifest.xml:28:9-35
51        android:theme="@style/Theme.ImagePro" >
51-->src\main\AndroidManifest.xml:29:9-46
52
53        <!-- Activities -->
54        <activity
54-->src\main\AndroidManifest.xml:33:9-35:40
55            android:name="com.example.imagepro.LibrarianProfile"
55-->src\main\AndroidManifest.xml:34:13-45
56            android:exported="false" />
56-->src\main\AndroidManifest.xml:35:13-37
57        <activity
57-->src\main\AndroidManifest.xml:36:9-38:40
58            android:name="com.example.imagepro.EditProfile"
58-->src\main\AndroidManifest.xml:37:13-40
59            android:exported="false" />
59-->src\main\AndroidManifest.xml:38:13-37
60        <activity
60-->src\main\AndroidManifest.xml:39:9-41:40
61            android:name="com.example.imagepro.TheAboutUs"
61-->src\main\AndroidManifest.xml:40:13-39
62            android:exported="false" />
62-->src\main\AndroidManifest.xml:41:13-37
63        <activity
63-->src\main\AndroidManifest.xml:42:9-44:40
64            android:name="com.example.imagepro.TheLibrarians"
64-->src\main\AndroidManifest.xml:43:13-42
65            android:exported="false" />
65-->src\main\AndroidManifest.xml:44:13-37
66        <activity
66-->src\main\AndroidManifest.xml:45:9-47:40
67            android:name="com.example.imagepro.user_homepage"
67-->src\main\AndroidManifest.xml:46:13-42
68            android:exported="false" />
68-->src\main\AndroidManifest.xml:47:13-37
69        <activity
69-->src\main\AndroidManifest.xml:48:9-50:40
70            android:name="com.example.imagepro.BCMedicalStatusBook10"
70-->src\main\AndroidManifest.xml:49:13-50
71            android:exported="false" />
71-->src\main\AndroidManifest.xml:50:13-37
72        <activity
72-->src\main\AndroidManifest.xml:51:9-53:40
73            android:name="com.example.imagepro.BCMedicalStatusBook9"
73-->src\main\AndroidManifest.xml:52:13-49
74            android:exported="false" />
74-->src\main\AndroidManifest.xml:53:13-37
75        <activity
75-->src\main\AndroidManifest.xml:54:9-56:40
76            android:name="com.example.imagepro.BCMedicalStatusBook8"
76-->src\main\AndroidManifest.xml:55:13-49
77            android:exported="false" />
77-->src\main\AndroidManifest.xml:56:13-37
78        <activity
78-->src\main\AndroidManifest.xml:57:9-59:40
79            android:name="com.example.imagepro.BCMedicalStatusBook7"
79-->src\main\AndroidManifest.xml:58:13-49
80            android:exported="false" />
80-->src\main\AndroidManifest.xml:59:13-37
81        <activity
81-->src\main\AndroidManifest.xml:60:9-62:40
82            android:name="com.example.imagepro.BCMedicalStatusBook6"
82-->src\main\AndroidManifest.xml:61:13-49
83            android:exported="false" />
83-->src\main\AndroidManifest.xml:62:13-37
84        <activity
84-->src\main\AndroidManifest.xml:63:9-65:40
85            android:name="com.example.imagepro.BCMedicalStatusBook5"
85-->src\main\AndroidManifest.xml:64:13-49
86            android:exported="false" />
86-->src\main\AndroidManifest.xml:65:13-37
87        <activity
87-->src\main\AndroidManifest.xml:66:9-68:40
88            android:name="com.example.imagepro.BCMedicalStatusBook4"
88-->src\main\AndroidManifest.xml:67:13-49
89            android:exported="false" />
89-->src\main\AndroidManifest.xml:68:13-37
90        <activity
90-->src\main\AndroidManifest.xml:69:9-71:40
91            android:name="com.example.imagepro.BCMedicalStatusBook3"
91-->src\main\AndroidManifest.xml:70:13-49
92            android:exported="false" />
92-->src\main\AndroidManifest.xml:71:13-37
93        <activity
93-->src\main\AndroidManifest.xml:72:9-74:40
94            android:name="com.example.imagepro.BCMedicalStatusBook2"
94-->src\main\AndroidManifest.xml:73:13-49
95            android:exported="false" />
95-->src\main\AndroidManifest.xml:74:13-37
96        <activity
96-->src\main\AndroidManifest.xml:75:9-77:40
97            android:name="com.example.imagepro.BCMedicalStatusBook1"
97-->src\main\AndroidManifest.xml:76:13-49
98            android:exported="false" />
98-->src\main\AndroidManifest.xml:77:13-37
99        <activity
99-->src\main\AndroidManifest.xml:78:9-82:66
100            android:name="com.example.imagepro.MedicalLibraryScrollingActivity"
100-->src\main\AndroidManifest.xml:79:13-60
101            android:exported="false"
101-->src\main\AndroidManifest.xml:80:13-37
102            android:label="@string/title_activity_medical_library_scrolling"
102-->src\main\AndroidManifest.xml:81:13-77
103            android:theme="@style/Theme.LibVision.NoActionBar" />
103-->src\main\AndroidManifest.xml:82:13-63
104        <activity
104-->src\main\AndroidManifest.xml:83:9-85:40
105            android:name="com.example.imagepro.BCReferenceStatusBook10"
105-->src\main\AndroidManifest.xml:84:13-52
106            android:exported="false" />
106-->src\main\AndroidManifest.xml:85:13-37
107        <activity
107-->src\main\AndroidManifest.xml:86:9-88:40
108            android:name="com.example.imagepro.BCReferenceStatusBook9"
108-->src\main\AndroidManifest.xml:87:13-51
109            android:exported="false" />
109-->src\main\AndroidManifest.xml:88:13-37
110        <activity
110-->src\main\AndroidManifest.xml:89:9-91:40
111            android:name="com.example.imagepro.BCReferenceStatusBook8"
111-->src\main\AndroidManifest.xml:90:13-51
112            android:exported="false" />
112-->src\main\AndroidManifest.xml:91:13-37
113        <activity
113-->src\main\AndroidManifest.xml:92:9-94:40
114            android:name="com.example.imagepro.BCReferenceStatusBook7"
114-->src\main\AndroidManifest.xml:93:13-51
115            android:exported="false" />
115-->src\main\AndroidManifest.xml:94:13-37
116        <activity
116-->src\main\AndroidManifest.xml:95:9-97:40
117            android:name="com.example.imagepro.BCReferenceStatusBook6"
117-->src\main\AndroidManifest.xml:96:13-51
118            android:exported="false" />
118-->src\main\AndroidManifest.xml:97:13-37
119        <activity
119-->src\main\AndroidManifest.xml:98:9-100:40
120            android:name="com.example.imagepro.BCReferenceStatusBook5"
120-->src\main\AndroidManifest.xml:99:13-51
121            android:exported="false" />
121-->src\main\AndroidManifest.xml:100:13-37
122        <activity
122-->src\main\AndroidManifest.xml:101:9-103:40
123            android:name="com.example.imagepro.BCReferenceStatusBook4"
123-->src\main\AndroidManifest.xml:102:13-51
124            android:exported="false" />
124-->src\main\AndroidManifest.xml:103:13-37
125        <activity
125-->src\main\AndroidManifest.xml:104:9-106:40
126            android:name="com.example.imagepro.BCReferenceStatusBook3"
126-->src\main\AndroidManifest.xml:105:13-51
127            android:exported="false" />
127-->src\main\AndroidManifest.xml:106:13-37
128        <activity
128-->src\main\AndroidManifest.xml:107:9-109:40
129            android:name="com.example.imagepro.BCReferenceStatusBook2"
129-->src\main\AndroidManifest.xml:108:13-51
130            android:exported="false" />
130-->src\main\AndroidManifest.xml:109:13-37
131        <activity
131-->src\main\AndroidManifest.xml:110:9-112:40
132            android:name="com.example.imagepro.BCReferenceStatusBook1"
132-->src\main\AndroidManifest.xml:111:13-51
133            android:exported="false" />
133-->src\main\AndroidManifest.xml:112:13-37
134        <activity
134-->src\main\AndroidManifest.xml:113:9-115:40
135            android:name="com.example.imagepro.BCLawStatusBook10"
135-->src\main\AndroidManifest.xml:114:13-46
136            android:exported="false" />
136-->src\main\AndroidManifest.xml:115:13-37
137        <activity
137-->src\main\AndroidManifest.xml:116:9-118:40
138            android:name="com.example.imagepro.BCLawStatusBook9"
138-->src\main\AndroidManifest.xml:117:13-45
139            android:exported="false" />
139-->src\main\AndroidManifest.xml:118:13-37
140        <activity
140-->src\main\AndroidManifest.xml:119:9-121:40
141            android:name="com.example.imagepro.BCLawStatusBook8"
141-->src\main\AndroidManifest.xml:120:13-45
142            android:exported="false" />
142-->src\main\AndroidManifest.xml:121:13-37
143        <activity
143-->src\main\AndroidManifest.xml:122:9-124:40
144            android:name="com.example.imagepro.BCLawStatusBook7"
144-->src\main\AndroidManifest.xml:123:13-45
145            android:exported="false" />
145-->src\main\AndroidManifest.xml:124:13-37
146        <activity
146-->src\main\AndroidManifest.xml:125:9-127:40
147            android:name="com.example.imagepro.BCLawStatusBook6"
147-->src\main\AndroidManifest.xml:126:13-45
148            android:exported="false" />
148-->src\main\AndroidManifest.xml:127:13-37
149        <activity
149-->src\main\AndroidManifest.xml:128:9-130:40
150            android:name="com.example.imagepro.BCLawStatusBook5"
150-->src\main\AndroidManifest.xml:129:13-45
151            android:exported="false" />
151-->src\main\AndroidManifest.xml:130:13-37
152        <activity
152-->src\main\AndroidManifest.xml:131:9-133:40
153            android:name="com.example.imagepro.BCLawStatusBook4"
153-->src\main\AndroidManifest.xml:132:13-45
154            android:exported="false" />
154-->src\main\AndroidManifest.xml:133:13-37
155        <activity
155-->src\main\AndroidManifest.xml:134:9-136:40
156            android:name="com.example.imagepro.BCLawStatusBook3"
156-->src\main\AndroidManifest.xml:135:13-45
157            android:exported="false" />
157-->src\main\AndroidManifest.xml:136:13-37
158        <activity
158-->src\main\AndroidManifest.xml:137:9-139:40
159            android:name="com.example.imagepro.BCLawStatusBook2"
159-->src\main\AndroidManifest.xml:138:13-45
160            android:exported="false" />
160-->src\main\AndroidManifest.xml:139:13-37
161        <activity
161-->src\main\AndroidManifest.xml:140:9-142:40
162            android:name="com.example.imagepro.BCLawStatusBook1"
162-->src\main\AndroidManifest.xml:141:13-45
163            android:exported="false" />
163-->src\main\AndroidManifest.xml:142:13-37
164        <activity
164-->src\main\AndroidManifest.xml:143:9-145:40
165            android:name="com.example.imagepro.BCHealthStatusBook10"
165-->src\main\AndroidManifest.xml:144:13-49
166            android:exported="false" />
166-->src\main\AndroidManifest.xml:145:13-37
167        <activity
167-->src\main\AndroidManifest.xml:146:9-148:40
168            android:name="com.example.imagepro.BCHealthStatusBook9"
168-->src\main\AndroidManifest.xml:147:13-48
169            android:exported="false" />
169-->src\main\AndroidManifest.xml:148:13-37
170        <activity
170-->src\main\AndroidManifest.xml:149:9-151:40
171            android:name="com.example.imagepro.BCHealthStatusBook8"
171-->src\main\AndroidManifest.xml:150:13-48
172            android:exported="false" />
172-->src\main\AndroidManifest.xml:151:13-37
173        <activity
173-->src\main\AndroidManifest.xml:152:9-154:40
174            android:name="com.example.imagepro.BCHealthStatusBook7"
174-->src\main\AndroidManifest.xml:153:13-48
175            android:exported="false" />
175-->src\main\AndroidManifest.xml:154:13-37
176        <activity
176-->src\main\AndroidManifest.xml:155:9-157:40
177            android:name="com.example.imagepro.BCHealthStatusBook6"
177-->src\main\AndroidManifest.xml:156:13-48
178            android:exported="false" />
178-->src\main\AndroidManifest.xml:157:13-37
179        <activity
179-->src\main\AndroidManifest.xml:158:9-160:40
180            android:name="com.example.imagepro.BCHealthStatusBook5"
180-->src\main\AndroidManifest.xml:159:13-48
181            android:exported="false" />
181-->src\main\AndroidManifest.xml:160:13-37
182        <activity
182-->src\main\AndroidManifest.xml:161:9-163:40
183            android:name="com.example.imagepro.BCHealthStatusBook4"
183-->src\main\AndroidManifest.xml:162:13-48
184            android:exported="false" />
184-->src\main\AndroidManifest.xml:163:13-37
185        <activity
185-->src\main\AndroidManifest.xml:164:9-166:40
186            android:name="com.example.imagepro.BCHealthStatusBook3"
186-->src\main\AndroidManifest.xml:165:13-48
187            android:exported="false" />
187-->src\main\AndroidManifest.xml:166:13-37
188        <activity
188-->src\main\AndroidManifest.xml:167:9-169:40
189            android:name="com.example.imagepro.BCHealthStatusBook2"
189-->src\main\AndroidManifest.xml:168:13-48
190            android:exported="false" />
190-->src\main\AndroidManifest.xml:169:13-37
191        <activity
191-->src\main\AndroidManifest.xml:170:9-172:40
192            android:name="com.example.imagepro.BCHealthStatusBook1"
192-->src\main\AndroidManifest.xml:171:13-48
193            android:exported="false" />
193-->src\main\AndroidManifest.xml:172:13-37
194        <activity
194-->src\main\AndroidManifest.xml:173:9-175:40
195            android:name="com.example.imagepro.BCCirculationStatusBook10"
195-->src\main\AndroidManifest.xml:174:13-54
196            android:exported="false" />
196-->src\main\AndroidManifest.xml:175:13-37
197        <activity
197-->src\main\AndroidManifest.xml:176:9-178:40
198            android:name="com.example.imagepro.BCCirculationStatusBook9"
198-->src\main\AndroidManifest.xml:177:13-53
199            android:exported="false" />
199-->src\main\AndroidManifest.xml:178:13-37
200        <activity
200-->src\main\AndroidManifest.xml:179:9-181:40
201            android:name="com.example.imagepro.BCCirculationStatusBook8"
201-->src\main\AndroidManifest.xml:180:13-53
202            android:exported="false" />
202-->src\main\AndroidManifest.xml:181:13-37
203        <activity
203-->src\main\AndroidManifest.xml:182:9-184:40
204            android:name="com.example.imagepro.BCCirculationStatusBook7"
204-->src\main\AndroidManifest.xml:183:13-53
205            android:exported="false" />
205-->src\main\AndroidManifest.xml:184:13-37
206        <activity
206-->src\main\AndroidManifest.xml:185:9-187:40
207            android:name="com.example.imagepro.BCCirculationStatusBook6"
207-->src\main\AndroidManifest.xml:186:13-53
208            android:exported="false" />
208-->src\main\AndroidManifest.xml:187:13-37
209        <activity
209-->src\main\AndroidManifest.xml:188:9-190:40
210            android:name="com.example.imagepro.BCCirculationStatusBook5"
210-->src\main\AndroidManifest.xml:189:13-53
211            android:exported="false" />
211-->src\main\AndroidManifest.xml:190:13-37
212        <activity
212-->src\main\AndroidManifest.xml:191:9-193:40
213            android:name="com.example.imagepro.BCCirculationStatusBook4"
213-->src\main\AndroidManifest.xml:192:13-53
214            android:exported="false" />
214-->src\main\AndroidManifest.xml:193:13-37
215        <activity
215-->src\main\AndroidManifest.xml:194:9-196:40
216            android:name="com.example.imagepro.BCCirculationStatusBook3"
216-->src\main\AndroidManifest.xml:195:13-53
217            android:exported="false" />
217-->src\main\AndroidManifest.xml:196:13-37
218        <activity
218-->src\main\AndroidManifest.xml:197:9-199:40
219            android:name="com.example.imagepro.BCCirculationStatusBook2"
219-->src\main\AndroidManifest.xml:198:13-53
220            android:exported="false" />
220-->src\main\AndroidManifest.xml:199:13-37
221        <activity
221-->src\main\AndroidManifest.xml:200:9-202:40
222            android:name="com.example.imagepro.BCCirculationStatusBook1"
222-->src\main\AndroidManifest.xml:201:13-53
223            android:exported="false" />
223-->src\main\AndroidManifest.xml:202:13-37
224        <activity
224-->src\main\AndroidManifest.xml:203:9-205:40
225            android:name="com.example.imagepro.BCPeriodicalsStatusBook10"
225-->src\main\AndroidManifest.xml:204:13-54
226            android:exported="false" />
226-->src\main\AndroidManifest.xml:205:13-37
227        <activity
227-->src\main\AndroidManifest.xml:206:9-208:40
228            android:name="com.example.imagepro.BCPeriodicalsStatusBook9"
228-->src\main\AndroidManifest.xml:207:13-53
229            android:exported="false" />
229-->src\main\AndroidManifest.xml:208:13-37
230        <activity
230-->src\main\AndroidManifest.xml:209:9-211:40
231            android:name="com.example.imagepro.BCPeriodicalsStatusBook8"
231-->src\main\AndroidManifest.xml:210:13-53
232            android:exported="false" />
232-->src\main\AndroidManifest.xml:211:13-37
233        <activity
233-->src\main\AndroidManifest.xml:212:9-214:40
234            android:name="com.example.imagepro.BCPeriodicalsStatusBook7"
234-->src\main\AndroidManifest.xml:213:13-53
235            android:exported="false" />
235-->src\main\AndroidManifest.xml:214:13-37
236        <activity
236-->src\main\AndroidManifest.xml:215:9-217:40
237            android:name="com.example.imagepro.BCPeriodicalsStatusBook6"
237-->src\main\AndroidManifest.xml:216:13-53
238            android:exported="false" />
238-->src\main\AndroidManifest.xml:217:13-37
239        <activity
239-->src\main\AndroidManifest.xml:218:9-220:40
240            android:name="com.example.imagepro.BCPeriodicalsStatusBook5"
240-->src\main\AndroidManifest.xml:219:13-53
241            android:exported="false" />
241-->src\main\AndroidManifest.xml:220:13-37
242        <activity
242-->src\main\AndroidManifest.xml:221:9-223:40
243            android:name="com.example.imagepro.BCPeriodicalsStatusBook4"
243-->src\main\AndroidManifest.xml:222:13-53
244            android:exported="false" />
244-->src\main\AndroidManifest.xml:223:13-37
245        <activity
245-->src\main\AndroidManifest.xml:224:9-226:40
246            android:name="com.example.imagepro.BCPeriodicalsStatusBook3"
246-->src\main\AndroidManifest.xml:225:13-53
247            android:exported="false" />
247-->src\main\AndroidManifest.xml:226:13-37
248        <activity
248-->src\main\AndroidManifest.xml:227:9-229:40
249            android:name="com.example.imagepro.BCPeriodicalsStatusBook1"
249-->src\main\AndroidManifest.xml:228:13-53
250            android:exported="false" />
250-->src\main\AndroidManifest.xml:229:13-37
251        <activity
251-->src\main\AndroidManifest.xml:230:9-232:40
252            android:name="com.example.imagepro.BCPeriodicalsStatusBook2"
252-->src\main\AndroidManifest.xml:231:13-53
253            android:exported="false" />
253-->src\main\AndroidManifest.xml:232:13-37
254        <activity
254-->src\main\AndroidManifest.xml:233:9-237:66
255            android:name="com.example.imagepro.ReferenceSectionScrollingActivity"
255-->src\main\AndroidManifest.xml:234:13-62
256            android:exported="false"
256-->src\main\AndroidManifest.xml:235:13-37
257            android:label="@string/title_activity_reference_section_scrolling"
257-->src\main\AndroidManifest.xml:236:13-79
258            android:theme="@style/Theme.LibVision.NoActionBar" />
258-->src\main\AndroidManifest.xml:237:13-63
259        <activity
259-->src\main\AndroidManifest.xml:238:9-242:66
260            android:name="com.example.imagepro.LawLibraryScrollingActivity"
260-->src\main\AndroidManifest.xml:239:13-56
261            android:exported="false"
261-->src\main\AndroidManifest.xml:240:13-37
262            android:label="@string/title_activity_law_library_scrolling"
262-->src\main\AndroidManifest.xml:241:13-73
263            android:theme="@style/Theme.LibVision.NoActionBar" />
263-->src\main\AndroidManifest.xml:242:13-63
264        <activity
264-->src\main\AndroidManifest.xml:243:9-247:66
265            android:name="com.example.imagepro.HealthScienceScrollingActivity"
265-->src\main\AndroidManifest.xml:244:13-59
266            android:exported="false"
266-->src\main\AndroidManifest.xml:245:13-37
267            android:label="HealthScienceScrollingActivity"
267-->src\main\AndroidManifest.xml:246:13-59
268            android:theme="@style/Theme.LibVision.NoActionBar" />
268-->src\main\AndroidManifest.xml:247:13-63
269        <activity
269-->src\main\AndroidManifest.xml:248:9-252:66
270            android:name="com.example.imagepro.CirculationSectionScrollingActivity"
270-->src\main\AndroidManifest.xml:249:13-64
271            android:exported="false"
271-->src\main\AndroidManifest.xml:250:13-37
272            android:label="@string/title_activity_circulation_section_scrolling"
272-->src\main\AndroidManifest.xml:251:13-81
273            android:theme="@style/Theme.LibVision.NoActionBar" />
273-->src\main\AndroidManifest.xml:252:13-63
274        <activity
274-->src\main\AndroidManifest.xml:253:9-255:40
275            android:name="com.example.imagepro.BCFilipinianaStatusBook10"
275-->src\main\AndroidManifest.xml:254:13-54
276            android:exported="false" />
276-->src\main\AndroidManifest.xml:255:13-37
277        <activity
277-->src\main\AndroidManifest.xml:256:9-258:40
278            android:name="com.example.imagepro.BCFilipinianaStatusBook9"
278-->src\main\AndroidManifest.xml:257:13-53
279            android:exported="false" />
279-->src\main\AndroidManifest.xml:258:13-37
280        <activity
280-->src\main\AndroidManifest.xml:259:9-261:40
281            android:name="com.example.imagepro.BCFilipinianaStatusBook8"
281-->src\main\AndroidManifest.xml:260:13-53
282            android:exported="false" />
282-->src\main\AndroidManifest.xml:261:13-37
283        <activity
283-->src\main\AndroidManifest.xml:262:9-264:40
284            android:name="com.example.imagepro.BCFilipinianaStatusBook7"
284-->src\main\AndroidManifest.xml:263:13-53
285            android:exported="false" />
285-->src\main\AndroidManifest.xml:264:13-37
286        <activity
286-->src\main\AndroidManifest.xml:265:9-267:40
287            android:name="com.example.imagepro.BCFilipinianaStatusBook6"
287-->src\main\AndroidManifest.xml:266:13-53
288            android:exported="false" />
288-->src\main\AndroidManifest.xml:267:13-37
289        <activity
289-->src\main\AndroidManifest.xml:268:9-270:40
290            android:name="com.example.imagepro.BCFilipinianaStatusBook5"
290-->src\main\AndroidManifest.xml:269:13-53
291            android:exported="false" />
291-->src\main\AndroidManifest.xml:270:13-37
292        <activity
292-->src\main\AndroidManifest.xml:271:9-273:40
293            android:name="com.example.imagepro.BCFilipinianaStatusBook4"
293-->src\main\AndroidManifest.xml:272:13-53
294            android:exported="false" />
294-->src\main\AndroidManifest.xml:273:13-37
295        <activity
295-->src\main\AndroidManifest.xml:274:9-276:40
296            android:name="com.example.imagepro.BCFilipinianaStatusBook3"
296-->src\main\AndroidManifest.xml:275:13-53
297            android:exported="false" />
297-->src\main\AndroidManifest.xml:276:13-37
298        <activity
298-->src\main\AndroidManifest.xml:277:9-279:40
299            android:name="com.example.imagepro.BCFilipinianaStatusBook2"
299-->src\main\AndroidManifest.xml:278:13-53
300            android:exported="false" />
300-->src\main\AndroidManifest.xml:279:13-37
301        <activity
301-->src\main\AndroidManifest.xml:280:9-282:39
302            android:name="com.example.imagepro.LedControl"
302-->src\main\AndroidManifest.xml:281:13-39
303            android:exported="true" />
303-->src\main\AndroidManifest.xml:282:13-36
304        <activity
304-->src\main\AndroidManifest.xml:283:9-287:66
305            android:name="com.example.imagepro.PeriodicalsSectionScrollingActivity"
305-->src\main\AndroidManifest.xml:284:13-64
306            android:exported="false"
306-->src\main\AndroidManifest.xml:285:13-37
307            android:label="@string/title_activity_periodicals_section_scrolling"
307-->src\main\AndroidManifest.xml:286:13-81
308            android:theme="@style/Theme.LibVision.NoActionBar" />
308-->src\main\AndroidManifest.xml:287:13-63
309        <activity
309-->src\main\AndroidManifest.xml:288:9-292:66
310            android:name="com.example.imagepro.FilipinianaSectionScrollingActivity"
310-->src\main\AndroidManifest.xml:289:13-64
311            android:exported="false"
311-->src\main\AndroidManifest.xml:290:13-37
312            android:label="@string/title_activity_circulation_scrolling"
312-->src\main\AndroidManifest.xml:291:13-73
313            android:theme="@style/Theme.LibVision.NoActionBar" />
313-->src\main\AndroidManifest.xml:292:13-63
314        <activity
314-->src\main\AndroidManifest.xml:293:9-295:40
315            android:name="com.example.imagepro.BCFilipinianaStatusBook1"
315-->src\main\AndroidManifest.xml:294:13-53
316            android:exported="false" />
316-->src\main\AndroidManifest.xml:295:13-37
317        <activity
317-->src\main\AndroidManifest.xml:296:9-298:40
318            android:name="com.example.imagepro.UserSendFeedback"
318-->src\main\AndroidManifest.xml:297:13-45
319            android:exported="false" />
319-->src\main\AndroidManifest.xml:298:13-37
320        <activity
320-->src\main\AndroidManifest.xml:299:9-301:40
321            android:name="com.example.imagepro.AdminMessages"
321-->src\main\AndroidManifest.xml:300:13-42
322            android:exported="false" />
322-->src\main\AndroidManifest.xml:301:13-37
323        <activity
323-->src\main\AndroidManifest.xml:302:9-304:40
324            android:name="com.example.imagepro.AdminFeedback"
324-->src\main\AndroidManifest.xml:303:13-42
325            android:exported="false" />
325-->src\main\AndroidManifest.xml:304:13-37
326        <activity
326-->src\main\AndroidManifest.xml:305:9-307:40
327            android:name="com.example.imagepro.BookCatalogPage"
327-->src\main\AndroidManifest.xml:306:13-44
328            android:exported="false" />
328-->src\main\AndroidManifest.xml:307:13-37
329        <activity
329-->src\main\AndroidManifest.xml:308:9-310:40
330            android:name="com.example.imagepro.AdminHomePage"
330-->src\main\AndroidManifest.xml:309:13-42
331            android:exported="false" />
331-->src\main\AndroidManifest.xml:310:13-37
332        <activity
332-->src\main\AndroidManifest.xml:311:9-313:40
333            android:name="com.example.imagepro.SignUpActivity"
333-->src\main\AndroidManifest.xml:312:13-43
334            android:exported="false" />
334-->src\main\AndroidManifest.xml:313:13-37
335        <activity
335-->src\main\AndroidManifest.xml:314:9-316:40